<?xml version="1.0" encoding="UTF-8"?>
<!-- Generated by org.testng.reporters.JUnitXMLReporter -->
<testsuite hostname="DESKTOP-GIKC92M" ignored="0" name="Default test" tests="5" failures="0" timestamp="19 Sep 2023 15:40:20 GMT" time="19.272" errors="0">
  <testcase name="Browser" time="4.465" classname="org.base.Execution"/>
  <testcase name="launched" time="4.382" classname="org.base.Execution"/>
  <testcase name="tc00_testingloginpage" time="5.448" classname="org.base.Execution"/>
  <testcase name="paymentstatus" time="3.279" classname="org.base.Execution"/>
  <testcase name="finalstatus" time="0.69" classname="org.base.Execution"/>
</testsuite> <!-- Default test -->
